<?xml version="1.0"?>

<root 
	xmlns="urn:liferay.com:liferay-ddm-structure_6.2.0"
	xmlns:xsi="http://www.w3.org/2001/XMLSchema-instance"
	xsi:schemaLocation="urn:liferay.com:liferay-ddm-structure_6.2.0 http://www.liferay.com/dtd/liferay-ddm-structure_6_2_0.xsd"

	available-locales="en_US" default-locale="en_US"
>
	<dynamic-element instance-id="9X5wVsSv" name="multi-list" type="multi-list" index-type="keyword">
		<dynamic-content language-id="en_US">
			<option><![CDATA[a]]></option>
			<option><![CDATA[b]]></option>
		</dynamic-content>
	</dynamic-element>
</root>