<?xml version="1.0"?>

<root 
	xmlns="urn:liferay.com:liferay-ddm-structure_6.2.0"
	xmlns:xsi="http://www.w3.org/2001/XMLSchema-instance"
	xsi:schemaLocation="urn:liferay.com:liferay-ddm-structure_6.2.0 http://www.liferay.com/dtd/liferay-ddm-structure_6_2_0.xsd"

	available-locales="en_US" default-locale="en_US"
>
	<dynamic-element instance-id="Okhyj6Ni" name="boolean" type="boolean" index-type="keyword">
		<dynamic-content language-id="en_US"><![CDATA[true]]></dynamic-content>
	</dynamic-element>
	<dynamic-element instance-id="1SYNQuhg" name="boolean" type="boolean" index-type="keyword">
		<dynamic-content language-id="en_US"><![CDATA[]]></dynamic-content>
	</dynamic-element>
</root>