<?xml version="1.0"?>

<root 
	xmlns="urn:liferay.com:liferay-ddm-structure_6.2.0"
	xmlns:xsi="http://www.w3.org/2001/XMLSchema-instance"
	xsi:schemaLocation="urn:liferay.com:liferay-ddm-structure_6.2.0 http://www.liferay.com/dtd/liferay-ddm-structure_6_2_0.xsd"

	available-locales="en_US" default-locale="en_US"
>
	<dynamic-element instance-id="MiO7vIJu" name="link_to_layout" type="link_to_layout" index-type="text">
		<dynamic-content language-id="en_US"><![CDATA[1@public]]></dynamic-content>
	</dynamic-element>
</root>