<?xml version="1.0"?>

<root
	xmlns="urn:liferay.com:liferay-ddm-structure_6.2.0"
	xmlns:xsi="http://www.w3.org/2001/XMLSchema-instance"
	xsi:schemaLocation="urn:liferay.com:liferay-ddm-structure_6.2.0 http://www.liferay.com/dtd/liferay-ddm-structure_6_2_0.xsd"

	available-locales="en_US,pt_BR" default-locale="en_US"
>
	<dynamic-element instance-id="bf4sdx6Q" name="text" type="text" index-type="text">
		<dynamic-content language-id="en_US"><![CDATA[one]]></dynamic-content>
		<dynamic-content language-id="pt_BR"><![CDATA[um]]></dynamic-content>
	</dynamic-element>
</root>